#
# A fatal error has been detected by the Java Runtime Environment:
#
#  EXCEPTION_ACCESS_VIOLATION (0xc0000005) at pc=0x00007ffbd118ddfd, pid=21844, tid=26492
#
# JRE version: OpenJDK Runtime Environment Corretto-16.0.2.7.1 (16.0.2+7) (build 16.0.2+7)
# Java VM: OpenJDK 64-Bit Server VM Corretto-16.0.2.7.1 (16.0.2+7, mixed mode, sharing, tiered, compressed oops, compressed class ptrs, g1 gc, windows-amd64)
# Problematic frame:
# C  [lwjgl_opengl.dll+0xddfd]
#
# No core dump will be written. Minidumps are not enabled by default on client versions of Windows
#
# If you would like to submit a bug report, please visit:
#   https://github.com/corretto/corretto-jdk/issues/
# The crash happened outside the Java Virtual Machine in native code.
# See problematic frame for where to report the bug.
#

---------------  S U M M A R Y ------------

Command Line: -javaagent:C:\Program Files\JetBrains\IntelliJ IDEA 2022.2.2\lib\idea_rt.jar=52309:C:\Program Files\JetBrains\IntelliJ IDEA 2022.2.2\bin -Dfile.encoding=UTF-8 MainKt

Host: Intel(R) Core(TM) i7-10875H CPU @ 2.30GHz, 16 cores, 15G,  Windows 10 , 64 bit Build 19041 (10.0.19041.2546)
Time: Sat Mar 18 18:32:33 2023 W. Europe Standard Time elapsed time: 0.322668 seconds (0d 0h 0m 0s)

---------------  T H R E A D  ---------------

Current thread (0x000001f7aad5d1e0):  JavaThread "main" [_thread_in_native, id=26492, stack(0x0000007dcaa00000,0x0000007dcab00000)]

Stack: [0x0000007dcaa00000,0x0000007dcab00000],  sp=0x0000007dcaaff1e8,  free space=1020k
Native frames: (J=compiled Java code, j=interpreted, Vv=VM code, C=native code)
C  [lwjgl_opengl.dll+0xddfd]

Java frames: (J=compiled Java code, j=interpreted, Vv=VM code)
j  org.lwjgl.opengl.GL15C.nglGenBuffers(IJ)V+0
j  org.lwjgl.opengl.GL15C.glGenBuffers()I+20
j  org.lwjgl.opengl.GL15.glGenBuffers()I+0
j  MainKt.<clinit>()V+103
v  ~StubRoutines::call_stub

siginfo: EXCEPTION_ACCESS_VIOLATION (0xc0000005), reading address 0x0000000000000d98


Register to memory mapping:

RIP=0x00007ffbd118ddfd lwjgl_opengl.dll
RAX=0x000001f7d04f4ff0 points into unknown readable memory: 0x0000000000000000 | 00 00 00 00 00 00 00 00
RBX={method} {0x000001f7cfcd8158} 'nglGenBuffers' '(IJ)V' in 'org/lwjgl/opengl/GL15C'
RCX=0x0000000000000001 is an unknown value
RDX=0x000001f7d04f4fdc points into unknown readable memory: 00 00 00 00
RSP=0x0000007dcaaff1e8 is pointing into the stack for thread: 0x000001f7aad5d1e0
RBP=0x0000007dcaaff278 is pointing into the stack for thread: 0x000001f7aad5d1e0
RSI=0x000001f7cf997b10 is pointing into metadata
RDI=0x000001f7b37395e1 is at code_begin+1345 in an Interpreter codelet
return entry points  [0x000001f7b37390a0, 0x000001f7b3739be0]  2880 bytes
R8 =0x0000000000000001 is an unknown value
R9 =0x000001f7d04f4fdc points into unknown readable memory: 00 00 00 00
R10=0x0 is NULL
R11=0x000000071165f0d0 is an oop: java.lang.Class 
{0x000000071165f0d0} - klass: 'java/lang/Class'
R12=0x0 is NULL
R13={method} {0x000001f7cfcd8158} 'nglGenBuffers' '(IJ)V' in 'org/lwjgl/opengl/GL15C'
R14=0x0000007dcaaff2a8 is pointing into the stack for thread: 0x000001f7aad5d1e0
R15=0x000001f7aad5d1e0 is a thread


Registers:
RAX=0x000001f7d04f4ff0, RBX=0x000001f7cfcd8150, RCX=0x0000000000000001, RDX=0x000001f7d04f4fdc
RSP=0x0000007dcaaff1e8, RBP=0x0000007dcaaff278, RSI=0x000001f7cf997b10, RDI=0x000001f7b37395e1
R8 =0x0000000000000001, R9 =0x000001f7d04f4fdc, R10=0x0000000000000000, R11=0x000000071165f0d0
R12=0x0000000000000000, R13=0x000001f7cfcd8150, R14=0x0000007dcaaff2a8, R15=0x000001f7aad5d1e0
RIP=0x00007ffbd118ddfd, EFLAGS=0x0000000000010206

Top of Stack: (sp=0x0000007dcaaff1e8)
0x0000007dcaaff1e8:   000001f7b373dd22 000001f7b37395e1
0x0000007dcaaff1f8:   000001f7b373da1c 000001f7cfcd8150
0x0000007dcaaff208:   000001f7cf997b10 0000007dcaaff228
0x0000007dcaaff218:   0000007dcaaff290 000001f7b37395e1
0x0000007dcaaff228:   000001f7b373d9d6 0000007dcaaff230
0x0000007dcaaff238:   000001f7cfcd8150 0000007dcaaff2a8
0x0000007dcaaff248:   000001f7cfcf55a0 0000000000000000
0x0000007dcaaff258:   000000071165f0d0 000001f7cfcd8150
0x0000007dcaaff268:   0000000000000000 0000007dcaaff298
0x0000007dcaaff278:   0000007dcaaff2f8 000001f7b3739512
0x0000007dcaaff288:   000000071165f0d0 000001f7b373b2d8
0x0000007dcaaff298:   000001f7d04f4fdc 0000000000000000
0x0000007dcaaff2a8:   0000000000000001 0000007dcaaff2b0
0x0000007dcaaff2b8:   000001f7cfcd82d4 0000007dcaaff328
0x0000007dcaaff2c8:   000001f7cfcf55a0 0000000000000000
0x0000007dcaaff2d8:   000000071165f0d0 000001f7cfcd8340 

Instructions: (pc=0x00007ffbd118ddfd)
0x00007ffbd118dcfd:   cc cc cc 48 8b 01 0f 28 cb 41 8b c8 48 8b 50 18
0x00007ffbd118dd0d:   48 ff a2 58 0c 00 00 cc cc cc cc cc cc cc cc cc
0x00007ffbd118dd1d:   cc cc cc 48 8b 01 41 8b d1 41 8b c8 4c 8b 50 18
0x00007ffbd118dd2d:   49 ff a2 60 0c 00 00 cc cc cc cc cc cc cc cc cc
0x00007ffbd118dd3d:   cc cc cc 48 8b 01 49 8b d1 41 8b c8 4c 8b 50 18
0x00007ffbd118dd4d:   49 ff a2 68 0c 00 00 cc cc cc cc cc cc cc cc cc
0x00007ffbd118dd5d:   cc cc cc 48 8b 01 49 8b d1 41 8b c8 4c 8b 50 18
0x00007ffbd118dd6d:   49 ff a2 70 0c 00 00 cc cc cc cc cc cc cc cc cc
0x00007ffbd118dd7d:   cc cc cc 40 53 48 8b 01 41 8b d8 44 8b 44 24 30
0x00007ffbd118dd8d:   41 8b d1 44 8b 4c 24 38 8b cb 4c 8b 50 18 5b 49
0x00007ffbd118dd9d:   ff a2 00 0d 00 00 cc cc cc cc cc cc cc cc cc cc
0x00007ffbd118ddad:   cc cc cc 48 8b 01 41 8b d1 41 8b c8 4c 8b 50 18
0x00007ffbd118ddbd:   49 ff a2 88 0d 00 00 cc cc cc cc cc cc cc cc cc
0x00007ffbd118ddcd:   cc cc cc 48 8b 01 49 8b d1 41 8b c8 4c 8b 50 18
0x00007ffbd118dddd:   49 ff a2 90 0d 00 00 cc cc cc cc cc cc cc cc cc
0x00007ffbd118dded:   cc cc cc 48 8b 01 49 8b d1 41 8b c8 4c 8b 50 18
0x00007ffbd118ddfd:   49 ff a2 98 0d 00 00 cc cc cc cc cc cc cc cc cc
0x00007ffbd118de0d:   cc cc cc 48 8b 01 48 8b 48 18 48 8b 81 a0 0d 00
0x00007ffbd118de1d:   00 41 8b c8 48 ff e0 cc cc cc cc cc cc cc cc cc
0x00007ffbd118de2d:   cc cc cc 40 53 48 8b 01 41 8b d8 4c 8b 44 24 30
0x00007ffbd118de3d:   49 8b d1 44 8b 4c 24 38 8b cb 4c 8b 50 18 5b 49
0x00007ffbd118de4d:   ff a2 a8 0d 00 00 cc cc cc cc cc cc cc cc cc cc
0x00007ffbd118de5d:   cc cc cc 40 53 48 8b 01 41 8b d8 4c 8b 44 24 30
0x00007ffbd118de6d:   49 8b d1 4c 8b 4c 24 38 8b cb 4c 8b 50 18 5b 49
0x00007ffbd118de7d:   ff a2 b0 0d 00 00 cc cc cc cc cc cc cc cc cc cc
0x00007ffbd118de8d:   cc cc cc 40 53 48 8b 01 41 8b d8 4c 8b 44 24 30
0x00007ffbd118de9d:   49 8b d1 4c 8b 4c 24 38 8b cb 4c 8b 50 18 5b 49
0x00007ffbd118dead:   ff a2 b8 0d 00 00 cc cc cc cc cc cc cc cc cc cc
0x00007ffbd118debd:   cc cc cc 48 8b 01 41 8b d1 48 8b 48 18 48 8b 81
0x00007ffbd118decd:   c0 0d 00 00 41 8b c8 48 ff e0 cc cc cc cc cc cc
0x00007ffbd118dedd:   cc cc cc 48 8b 01 48 8b 48 18 48 8b 81 c8 0d 00
0x00007ffbd118deed:   00 41 8b c8 48 ff e0 cc cc cc cc cc cc cc cc cc 


Stack slot to memory mapping:
stack at sp + 0 slots: 0x000001f7b373dd22 is at code_begin+1026 in an Interpreter codelet
method entry point (kind = native)  [0x000001f7b373d920, 0x000001f7b373e300]  2528 bytes
stack at sp + 1 slots: 0x000001f7b37395e1 is at code_begin+1345 in an Interpreter codelet
return entry points  [0x000001f7b37390a0, 0x000001f7b3739be0]  2880 bytes
stack at sp + 2 slots: 0x000001f7b373da1c is at code_begin+252 in an Interpreter codelet
method entry point (kind = native)  [0x000001f7b373d920, 0x000001f7b373e300]  2528 bytes
stack at sp + 3 slots: {method} {0x000001f7cfcd8158} 'nglGenBuffers' '(IJ)V' in 'org/lwjgl/opengl/GL15C'
stack at sp + 4 slots: 0x000001f7cf997b10 is pointing into metadata
stack at sp + 5 slots: 0x0000007dcaaff228 is pointing into the stack for thread: 0x000001f7aad5d1e0
stack at sp + 6 slots: 0x0000007dcaaff290 is pointing into the stack for thread: 0x000001f7aad5d1e0
stack at sp + 7 slots: 0x000001f7b37395e1 is at code_begin+1345 in an Interpreter codelet
return entry points  [0x000001f7b37390a0, 0x000001f7b3739be0]  2880 bytes


---------------  P R O C E S S  ---------------

Threads class SMR info:
_java_thread_list=0x000001f7d01d1080, length=16, elements={
0x000001f7aad5d1e0, 0x000001f7cf626850, 0x000001f7cf627620, 0x000001f7cf632e20,
0x000001f7cf635740, 0x000001f7cf636050, 0x000001f7cf636960, 0x000001f7cf6375a0,
0x000001f7cf63ba30, 0x000001f7cf63c380, 0x000001f7cf606860, 0x000001f7cf606d80,
0x000001f7d0118e40, 0x000001f7d0119450, 0x000001f7d01ac920, 0x000001f7d02b5cb0
}

Java Threads: ( => current thread )
=>0x000001f7aad5d1e0 JavaThread "main" [_thread_in_native, id=26492, stack(0x0000007dcaa00000,0x0000007dcab00000)]
  0x000001f7cf626850 JavaThread "Reference Handler" daemon [_thread_blocked, id=29708, stack(0x0000007dcb100000,0x0000007dcb200000)]
  0x000001f7cf627620 JavaThread "Finalizer" daemon [_thread_blocked, id=27980, stack(0x0000007dcb200000,0x0000007dcb300000)]
  0x000001f7cf632e20 JavaThread "Signal Dispatcher" daemon [_thread_blocked, id=28484, stack(0x0000007dcb300000,0x0000007dcb400000)]
  0x000001f7cf635740 JavaThread "Attach Listener" daemon [_thread_blocked, id=11228, stack(0x0000007dcb400000,0x0000007dcb500000)]
  0x000001f7cf636050 JavaThread "Service Thread" daemon [_thread_blocked, id=10748, stack(0x0000007dcb500000,0x0000007dcb600000)]
  0x000001f7cf636960 JavaThread "Monitor Deflation Thread" daemon [_thread_blocked, id=24428, stack(0x0000007dcb600000,0x0000007dcb700000)]
  0x000001f7cf6375a0 JavaThread "C2 CompilerThread0" daemon [_thread_blocked, id=33436, stack(0x0000007dcb700000,0x0000007dcb800000)]
  0x000001f7cf63ba30 JavaThread "C1 CompilerThread0" daemon [_thread_blocked, id=33556, stack(0x0000007dcb800000,0x0000007dcb900000)]
  0x000001f7cf63c380 JavaThread "Sweeper thread" daemon [_thread_blocked, id=24684, stack(0x0000007dcb900000,0x0000007dcba00000)]
  0x000001f7cf606860 JavaThread "Common-Cleaner" daemon [_thread_blocked, id=5976, stack(0x0000007dcba00000,0x0000007dcbb00000)]
  0x000001f7cf606d80 JavaThread "C1 CompilerThread1" daemon [_thread_blocked, id=28968, stack(0x0000007dcbb00000,0x0000007dcbc00000)]
  0x000001f7d0118e40 JavaThread "C1 CompilerThread2" daemon [_thread_blocked, id=31872, stack(0x0000007dcbc00000,0x0000007dcbd00000)]
  0x000001f7d0119450 JavaThread "C1 CompilerThread3" daemon [_thread_blocked, id=12464, stack(0x0000007dcbd00000,0x0000007dcbe00000)]
  0x000001f7d01ac920 JavaThread "Monitor Ctrl-Break" daemon [_thread_in_native, id=24552, stack(0x0000007dcbe00000,0x0000007dcbf00000)]
  0x000001f7d02b5cb0 JavaThread "Notification Thread" daemon [_thread_blocked, id=9896, stack(0x0000007dcbf00000,0x0000007dcc000000)]

Other Threads:
  0x000001f7cf6236f0 VMThread "VM Thread" [stack: 0x0000007dcb000000,0x0000007dcb100000] [id=22600]
  0x000001f7aad5de90 WatcherThread [stack: 0x0000007dcc000000,0x0000007dcc100000] [id=28348]
  0x000001f7aadae9d0 GCTaskThread "GC Thread#0" [stack: 0x0000007dcab00000,0x0000007dcac00000] [id=30204]
  0x000001f7aadbf6f0 ConcurrentGCThread "G1 Main Marker" [stack: 0x0000007dcac00000,0x0000007dcad00000] [id=29104]
  0x000001f7aadc0070 ConcurrentGCThread "G1 Conc#0" [stack: 0x0000007dcad00000,0x0000007dcae00000] [id=16452]
  0x000001f7aae34620 ConcurrentGCThread "G1 Refine#0" [stack: 0x0000007dcae00000,0x0000007dcaf00000] [id=20992]
  0x000001f7cf4e20d0 ConcurrentGCThread "G1 Service" [stack: 0x0000007dcaf00000,0x0000007dcb000000] [id=17652]

Threads with active compile tasks:

VM state: not at safepoint (normal execution)

VM Mutex/Monitor currently owned by a thread: None

Heap address: 0x0000000702200000, size: 4062 MB, Compressed Oops mode: Zero based, Oop shift amount: 3

CDS archive(s) mapped at: [0x0000000800000000-0x0000000800be0000-0x0000000800be0000), size 12451840, SharedBaseAddress: 0x0000000800000000, ArchiveRelocationMode: 0.
Compressed class space mapped at: 0x0000000800c00000-0x0000000840c00000, reserved size: 1073741824
Narrow klass base: 0x0000000800000000, Narrow klass shift: 3, Narrow klass range: 0x100000000

GC Precious Log:
 CPUs: 16 total, 16 available
 Memory: 16244M
 Large Page Support: Disabled
 NUMA Support: Disabled
 Compressed Oops: Enabled (Zero based)
 Heap Region Size: 2M
 Heap Min Capacity: 8M
 Heap Initial Capacity: 254M
 Heap Max Capacity: 4062M
 Pre-touch: Disabled
 Parallel Workers: 13
 Concurrent Workers: 3
 Concurrent Refinement Workers: 13
 Periodic GC: Disabled

Heap:
 garbage-first heap   total 260096K, used 8192K [0x0000000702200000, 0x0000000800000000)
  region size 2048K, 5 young (10240K), 0 survivors (0K)
 Metaspace       used 2811K, committed 2944K, reserved 1056768K
  class space    used 190K, committed 256K, reserved 1048576K

Heap Regions: E=young(eden), S=young(survivor), O=old, HS=humongous(starts), HC=humongous(continues), CS=collection set, F=free, OA=open archive, CA=closed archive, TAMS=top-at-mark-start (previous, next)
|   0|0x0000000702200000, 0x0000000702200000, 0x0000000702400000|  0%| F|  |TAMS 0x0000000702200000, 0x0000000702200000| Untracked 
|   1|0x0000000702400000, 0x0000000702400000, 0x0000000702600000|  0%| F|  |TAMS 0x0000000702400000, 0x0000000702400000| Untracked 
|   2|0x0000000702600000, 0x0000000702600000, 0x0000000702800000|  0%| F|  |TAMS 0x0000000702600000, 0x0000000702600000| Untracked 
|   3|0x0000000702800000, 0x0000000702800000, 0x0000000702a00000|  0%| F|  |TAMS 0x0000000702800000, 0x0000000702800000| Untracked 
|   4|0x0000000702a00000, 0x0000000702a00000, 0x0000000702c00000|  0%| F|  |TAMS 0x0000000702a00000, 0x0000000702a00000| Untracked 
|   5|0x0000000702c00000, 0x0000000702c00000, 0x0000000702e00000|  0%| F|  |TAMS 0x0000000702c00000, 0x0000000702c00000| Untracked 
|   6|0x0000000702e00000, 0x0000000702e00000, 0x0000000703000000|  0%| F|  |TAMS 0x0000000702e00000, 0x0000000702e00000| Untracked 
|   7|0x0000000703000000, 0x0000000703000000, 0x0000000703200000|  0%| F|  |TAMS 0x0000000703000000, 0x0000000703000000| Untracked 
|   8|0x0000000703200000, 0x0000000703200000, 0x0000000703400000|  0%| F|  |TAMS 0x0000000703200000, 0x0000000703200000| Untracked 
|   9|0x0000000703400000, 0x0000000703400000, 0x0000000703600000|  0%| F|  |TAMS 0x0000000703400000, 0x0000000703400000| Untracked 
|  10|0x0000000703600000, 0x0000000703600000, 0x0000000703800000|  0%| F|  |TAMS 0x0000000703600000, 0x0000000703600000| Untracked 
|  11|0x0000000703800000, 0x0000000703800000, 0x0000000703a00000|  0%| F|  |TAMS 0x0000000703800000, 0x0000000703800000| Untracked 
|  12|0x0000000703a00000, 0x0000000703a00000, 0x0000000703c00000|  0%| F|  |TAMS 0x0000000703a00000, 0x0000000703a00000| Untracked 
|  13|0x0000000703c00000, 0x0000000703c00000, 0x0000000703e00000|  0%| F|  |TAMS 0x0000000703c00000, 0x0000000703c00000| Untracked 
|  14|0x0000000703e00000, 0x0000000703e00000, 0x0000000704000000|  0%| F|  |TAMS 0x0000000703e00000, 0x0000000703e00000| Untracked 
|  15|0x0000000704000000, 0x0000000704000000, 0x0000000704200000|  0%| F|  |TAMS 0x0000000704000000, 0x0000000704000000| Untracked 
|  16|0x0000000704200000, 0x0000000704200000, 0x0000000704400000|  0%| F|  |TAMS 0x0000000704200000, 0x0000000704200000| Untracked 
|  17|0x0000000704400000, 0x0000000704400000, 0x0000000704600000|  0%| F|  |TAMS 0x0000000704400000, 0x0000000704400000| Untracked 
|  18|0x0000000704600000, 0x0000000704600000, 0x0000000704800000|  0%| F|  |TAMS 0x0000000704600000, 0x0000000704600000| Untracked 
|  19|0x0000000704800000, 0x0000000704800000, 0x0000000704a00000|  0%| F|  |TAMS 0x0000000704800000, 0x0000000704800000| Untracked 
|  20|0x0000000704a00000, 0x0000000704a00000, 0x0000000704c00000|  0%| F|  |TAMS 0x0000000704a00000, 0x0000000704a00000| Untracked 
|  21|0x0000000704c00000, 0x0000000704c00000, 0x0000000704e00000|  0%| F|  |TAMS 0x0000000704c00000, 0x0000000704c00000| Untracked 
|  22|0x0000000704e00000, 0x0000000704e00000, 0x0000000705000000|  0%| F|  |TAMS 0x0000000704e00000, 0x0000000704e00000| Untracked 
|  23|0x0000000705000000, 0x0000000705000000, 0x0000000705200000|  0%| F|  |TAMS 0x0000000705000000, 0x0000000705000000| Untracked 
|  24|0x0000000705200000, 0x0000000705200000, 0x0000000705400000|  0%| F|  |TAMS 0x0000000705200000, 0x0000000705200000| Untracked 
|  25|0x0000000705400000, 0x0000000705400000, 0x0000000705600000|  0%| F|  |TAMS 0x0000000705400000, 0x0000000705400000| Untracked 
|  26|0x0000000705600000, 0x0000000705600000, 0x0000000705800000|  0%| F|  |TAMS 0x0000000705600000, 0x0000000705600000| Untracked 
|  27|0x0000000705800000, 0x0000000705800000, 0x0000000705a00000|  0%| F|  |TAMS 0x0000000705800000, 0x0000000705800000| Untracked 
|  28|0x0000000705a00000, 0x0000000705a00000, 0x0000000705c00000|  0%| F|  |TAMS 0x0000000705a00000, 0x0000000705a00000| Untracked 
|  29|0x0000000705c00000, 0x0000000705c00000, 0x0000000705e00000|  0%| F|  |TAMS 0x0000000705c00000, 0x0000000705c00000| Untracked 
|  30|0x0000000705e00000, 0x0000000705e00000, 0x0000000706000000|  0%| F|  |TAMS 0x0000000705e00000, 0x0000000705e00000| Untracked 
|  31|0x0000000706000000, 0x0000000706000000, 0x0000000706200000|  0%| F|  |TAMS 0x0000000706000000, 0x0000000706000000| Untracked 
|  32|0x0000000706200000, 0x0000000706200000, 0x0000000706400000|  0%| F|  |TAMS 0x0000000706200000, 0x0000000706200000| Untracked 
|  33|0x0000000706400000, 0x0000000706400000, 0x0000000706600000|  0%| F|  |TAMS 0x0000000706400000, 0x0000000706400000| Untracked 
|  34|0x0000000706600000, 0x0000000706600000, 0x0000000706800000|  0%| F|  |TAMS 0x0000000706600000, 0x0000000706600000| Untracked 
|  35|0x0000000706800000, 0x0000000706800000, 0x0000000706a00000|  0%| F|  |TAMS 0x0000000706800000, 0x0000000706800000| Untracked 
|  36|0x0000000706a00000, 0x0000000706a00000, 0x0000000706c00000|  0%| F|  |TAMS 0x0000000706a00000, 0x0000000706a00000| Untracked 
|  37|0x0000000706c00000, 0x0000000706c00000, 0x0000000706e00000|  0%| F|  |TAMS 0x0000000706c00000, 0x0000000706c00000| Untracked 
|  38|0x0000000706e00000, 0x0000000706e00000, 0x0000000707000000|  0%| F|  |TAMS 0x0000000706e00000, 0x0000000706e00000| Untracked 
|  39|0x0000000707000000, 0x0000000707000000, 0x0000000707200000|  0%| F|  |TAMS 0x0000000707000000, 0x0000000707000000| Untracked 
|  40|0x0000000707200000, 0x0000000707200000, 0x0000000707400000|  0%| F|  |TAMS 0x0000000707200000, 0x0000000707200000| Untracked 
|  41|0x0000000707400000, 0x0000000707400000, 0x0000000707600000|  0%| F|  |TAMS 0x0000000707400000, 0x0000000707400000| Untracked 
|  42|0x0000000707600000, 0x0000000707600000, 0x0000000707800000|  0%| F|  |TAMS 0x0000000707600000, 0x0000000707600000| Untracked 
|  43|0x0000000707800000, 0x0000000707800000, 0x0000000707a00000|  0%| F|  |TAMS 0x0000000707800000, 0x0000000707800000| Untracked 
|  44|0x0000000707a00000, 0x0000000707a00000, 0x0000000707c00000|  0%| F|  |TAMS 0x0000000707a00000, 0x0000000707a00000| Untracked 
|  45|0x0000000707c00000, 0x0000000707c00000, 0x0000000707e00000|  0%| F|  |TAMS 0x0000000707c00000, 0x0000000707c00000| Untracked 
|  46|0x0000000707e00000, 0x0000000707e00000, 0x0000000708000000|  0%| F|  |TAMS 0x0000000707e00000, 0x0000000707e00000| Untracked 
|  47|0x0000000708000000, 0x0000000708000000, 0x0000000708200000|  0%| F|  |TAMS 0x0000000708000000, 0x0000000708000000| Untracked 
|  48|0x0000000708200000, 0x0000000708200000, 0x0000000708400000|  0%| F|  |TAMS 0x0000000708200000, 0x0000000708200000| Untracked 
|  49|0x0000000708400000, 0x0000000708400000, 0x0000000708600000|  0%| F|  |TAMS 0x0000000708400000, 0x0000000708400000| Untracked 
|  50|0x0000000708600000, 0x0000000708600000, 0x0000000708800000|  0%| F|  |TAMS 0x0000000708600000, 0x0000000708600000| Untracked 
|  51|0x0000000708800000, 0x0000000708800000, 0x0000000708a00000|  0%| F|  |TAMS 0x0000000708800000, 0x0000000708800000| Untracked 
|  52|0x0000000708a00000, 0x0000000708a00000, 0x0000000708c00000|  0%| F|  |TAMS 0x0000000708a00000, 0x0000000708a00000| Untracked 
|  53|0x0000000708c00000, 0x0000000708c00000, 0x0000000708e00000|  0%| F|  |TAMS 0x0000000708c00000, 0x0000000708c00000| Untracked 
|  54|0x0000000708e00000, 0x0000000708e00000, 0x0000000709000000|  0%| F|  |TAMS 0x0000000708e00000, 0x0000000708e00000| Untracked 
|  55|0x0000000709000000, 0x0000000709000000, 0x0000000709200000|  0%| F|  |TAMS 0x0000000709000000, 0x0000000709000000| Untracked 
|  56|0x0000000709200000, 0x0000000709200000, 0x0000000709400000|  0%| F|  |TAMS 0x0000000709200000, 0x0000000709200000| Untracked 
|  57|0x0000000709400000, 0x0000000709400000, 0x0000000709600000|  0%| F|  |TAMS 0x0000000709400000, 0x0000000709400000| Untracked 
|  58|0x0000000709600000, 0x0000000709600000, 0x0000000709800000|  0%| F|  |TAMS 0x0000000709600000, 0x0000000709600000| Untracked 
|  59|0x0000000709800000, 0x0000000709800000, 0x0000000709a00000|  0%| F|  |TAMS 0x0000000709800000, 0x0000000709800000| Untracked 
|  60|0x0000000709a00000, 0x0000000709a00000, 0x0000000709c00000|  0%| F|  |TAMS 0x0000000709a00000, 0x0000000709a00000| Untracked 
|  61|0x0000000709c00000, 0x0000000709c00000, 0x0000000709e00000|  0%| F|  |TAMS 0x0000000709c00000, 0x0000000709c00000| Untracked 
|  62|0x0000000709e00000, 0x0000000709e00000, 0x000000070a000000|  0%| F|  |TAMS 0x0000000709e00000, 0x0000000709e00000| Untracked 
|  63|0x000000070a000000, 0x000000070a000000, 0x000000070a200000|  0%| F|  |TAMS 0x000000070a000000, 0x000000070a000000| Untracked 
|  64|0x000000070a200000, 0x000000070a200000, 0x000000070a400000|  0%| F|  |TAMS 0x000000070a200000, 0x000000070a200000| Untracked 
|  65|0x000000070a400000, 0x000000070a400000, 0x000000070a600000|  0%| F|  |TAMS 0x000000070a400000, 0x000000070a400000| Untracked 
|  66|0x000000070a600000, 0x000000070a600000, 0x000000070a800000|  0%| F|  |TAMS 0x000000070a600000, 0x000000070a600000| Untracked 
|  67|0x000000070a800000, 0x000000070a800000, 0x000000070aa00000|  0%| F|  |TAMS 0x000000070a800000, 0x000000070a800000| Untracked 
|  68|0x000000070aa00000, 0x000000070aa00000, 0x000000070ac00000|  0%| F|  |TAMS 0x000000070aa00000, 0x000000070aa00000| Untracked 
|  69|0x000000070ac00000, 0x000000070ac00000, 0x000000070ae00000|  0%| F|  |TAMS 0x000000070ac00000, 0x000000070ac00000| Untracked 
|  70|0x000000070ae00000, 0x000000070ae00000, 0x000000070b000000|  0%| F|  |TAMS 0x000000070ae00000, 0x000000070ae00000| Untracked 
|  71|0x000000070b000000, 0x000000070b000000, 0x000000070b200000|  0%| F|  |TAMS 0x000000070b000000, 0x000000070b000000| Untracked 
|  72|0x000000070b200000, 0x000000070b200000, 0x000000070b400000|  0%| F|  |TAMS 0x000000070b200000, 0x000000070b200000| Untracked 
|  73|0x000000070b400000, 0x000000070b400000, 0x000000070b600000|  0%| F|  |TAMS 0x000000070b400000, 0x000000070b400000| Untracked 
|  74|0x000000070b600000, 0x000000070b600000, 0x000000070b800000|  0%| F|  |TAMS 0x000000070b600000, 0x000000070b600000| Untracked 
|  75|0x000000070b800000, 0x000000070b800000, 0x000000070ba00000|  0%| F|  |TAMS 0x000000070b800000, 0x000000070b800000| Untracked 
|  76|0x000000070ba00000, 0x000000070ba00000, 0x000000070bc00000|  0%| F|  |TAMS 0x000000070ba00000, 0x000000070ba00000| Untracked 
|  77|0x000000070bc00000, 0x000000070bc00000, 0x000000070be00000|  0%| F|  |TAMS 0x000000070bc00000, 0x000000070bc00000| Untracked 
|  78|0x000000070be00000, 0x000000070be00000, 0x000000070c000000|  0%| F|  |TAMS 0x000000070be00000, 0x000000070be00000| Untracked 
|  79|0x000000070c000000, 0x000000070c000000, 0x000000070c200000|  0%| F|  |TAMS 0x000000070c000000, 0x000000070c000000| Untracked 
|  80|0x000000070c200000, 0x000000070c200000, 0x000000070c400000|  0%| F|  |TAMS 0x000000070c200000, 0x000000070c200000| Untracked 
|  81|0x000000070c400000, 0x000000070c400000, 0x000000070c600000|  0%| F|  |TAMS 0x000000070c400000, 0x000000070c400000| Untracked 
|  82|0x000000070c600000, 0x000000070c600000, 0x000000070c800000|  0%| F|  |TAMS 0x000000070c600000, 0x000000070c600000| Untracked 
|  83|0x000000070c800000, 0x000000070c800000, 0x000000070ca00000|  0%| F|  |TAMS 0x000000070c800000, 0x000000070c800000| Untracked 
|  84|0x000000070ca00000, 0x000000070ca00000, 0x000000070cc00000|  0%| F|  |TAMS 0x000000070ca00000, 0x000000070ca00000| Untracked 
|  85|0x000000070cc00000, 0x000000070cc00000, 0x000000070ce00000|  0%| F|  |TAMS 0x000000070cc00000, 0x000000070cc00000| Untracked 
|  86|0x000000070ce00000, 0x000000070ce00000, 0x000000070d000000|  0%| F|  |TAMS 0x000000070ce00000, 0x000000070ce00000| Untracked 
|  87|0x000000070d000000, 0x000000070d000000, 0x000000070d200000|  0%| F|  |TAMS 0x000000070d000000, 0x000000070d000000| Untracked 
|  88|0x000000070d200000, 0x000000070d200000, 0x000000070d400000|  0%| F|  |TAMS 0x000000070d200000, 0x000000070d200000| Untracked 
|  89|0x000000070d400000, 0x000000070d400000, 0x000000070d600000|  0%| F|  |TAMS 0x000000070d400000, 0x000000070d400000| Untracked 
|  90|0x000000070d600000, 0x000000070d600000, 0x000000070d800000|  0%| F|  |TAMS 0x000000070d600000, 0x000000070d600000| Untracked 
|  91|0x000000070d800000, 0x000000070d800000, 0x000000070da00000|  0%| F|  |TAMS 0x000000070d800000, 0x000000070d800000| Untracked 
|  92|0x000000070da00000, 0x000000070da00000, 0x000000070dc00000|  0%| F|  |TAMS 0x000000070da00000, 0x000000070da00000| Untracked 
|  93|0x000000070dc00000, 0x000000070dc00000, 0x000000070de00000|  0%| F|  |TAMS 0x000000070dc00000, 0x000000070dc00000| Untracked 
|  94|0x000000070de00000, 0x000000070de00000, 0x000000070e000000|  0%| F|  |TAMS 0x000000070de00000, 0x000000070de00000| Untracked 
|  95|0x000000070e000000, 0x000000070e000000, 0x000000070e200000|  0%| F|  |TAMS 0x000000070e000000, 0x000000070e000000| Untracked 
|  96|0x000000070e200000, 0x000000070e200000, 0x000000070e400000|  0%| F|  |TAMS 0x000000070e200000, 0x000000070e200000| Untracked 
|  97|0x000000070e400000, 0x000000070e400000, 0x000000070e600000|  0%| F|  |TAMS 0x000000070e400000, 0x000000070e400000| Untracked 
|  98|0x000000070e600000, 0x000000070e600000, 0x000000070e800000|  0%| F|  |TAMS 0x000000070e600000, 0x000000070e600000| Untracked 
|  99|0x000000070e800000, 0x000000070e800000, 0x000000070ea00000|  0%| F|  |TAMS 0x000000070e800000, 0x000000070e800000| Untracked 
| 100|0x000000070ea00000, 0x000000070ea00000, 0x000000070ec00000|  0%| F|  |TAMS 0x000000070ea00000, 0x000000070ea00000| Untracked 
| 101|0x000000070ec00000, 0x000000070ec00000, 0x000000070ee00000|  0%| F|  |TAMS 0x000000070ec00000, 0x000000070ec00000| Untracked 
| 102|0x000000070ee00000, 0x000000070ee00000, 0x000000070f000000|  0%| F|  |TAMS 0x000000070ee00000, 0x000000070ee00000| Untracked 
| 103|0x000000070f000000, 0x000000070f000000, 0x000000070f200000|  0%| F|  |TAMS 0x000000070f000000, 0x000000070f000000| Untracked 
| 104|0x000000070f200000, 0x000000070f200000, 0x000000070f400000|  0%| F|  |TAMS 0x000000070f200000, 0x000000070f200000| Untracked 
| 105|0x000000070f400000, 0x000000070f400000, 0x000000070f600000|  0%| F|  |TAMS 0x000000070f400000, 0x000000070f400000| Untracked 
| 106|0x000000070f600000, 0x000000070f600000, 0x000000070f800000|  0%| F|  |TAMS 0x000000070f600000, 0x000000070f600000| Untracked 
| 107|0x000000070f800000, 0x000000070f800000, 0x000000070fa00000|  0%| F|  |TAMS 0x000000070f800000, 0x000000070f800000| Untracked 
| 108|0x000000070fa00000, 0x000000070fa00000, 0x000000070fc00000|  0%| F|  |TAMS 0x000000070fa00000, 0x000000070fa00000| Untracked 
| 109|0x000000070fc00000, 0x000000070fc00000, 0x000000070fe00000|  0%| F|  |TAMS 0x000000070fc00000, 0x000000070fc00000| Untracked 
| 110|0x000000070fe00000, 0x000000070fe00000, 0x0000000710000000|  0%| F|  |TAMS 0x000000070fe00000, 0x000000070fe00000| Untracked 
| 111|0x0000000710000000, 0x0000000710000000, 0x0000000710200000|  0%| F|  |TAMS 0x0000000710000000, 0x0000000710000000| Untracked 
| 112|0x0000000710200000, 0x0000000710200000, 0x0000000710400000|  0%| F|  |TAMS 0x0000000710200000, 0x0000000710200000| Untracked 
| 113|0x0000000710400000, 0x0000000710400000, 0x0000000710600000|  0%| F|  |TAMS 0x0000000710400000, 0x0000000710400000| Untracked 
| 114|0x0000000710600000, 0x0000000710600000, 0x0000000710800000|  0%| F|  |TAMS 0x0000000710600000, 0x0000000710600000| Untracked 
| 115|0x0000000710800000, 0x0000000710800000, 0x0000000710a00000|  0%| F|  |TAMS 0x0000000710800000, 0x0000000710800000| Untracked 
| 116|0x0000000710a00000, 0x0000000710a00000, 0x0000000710c00000|  0%| F|  |TAMS 0x0000000710a00000, 0x0000000710a00000| Untracked 
| 117|0x0000000710c00000, 0x0000000710c00000, 0x0000000710e00000|  0%| F|  |TAMS 0x0000000710c00000, 0x0000000710c00000| Untracked 
| 118|0x0000000710e00000, 0x0000000710e00000, 0x0000000711000000|  0%| F|  |TAMS 0x0000000710e00000, 0x0000000710e00000| Untracked 
| 119|0x0000000711000000, 0x0000000711000000, 0x0000000711200000|  0%| F|  |TAMS 0x0000000711000000, 0x0000000711000000| Untracked 
| 120|0x0000000711200000, 0x0000000711200000, 0x0000000711400000|  0%| F|  |TAMS 0x0000000711200000, 0x0000000711200000| Untracked 
| 121|0x0000000711400000, 0x0000000711400000, 0x0000000711600000|  0%| F|  |TAMS 0x0000000711400000, 0x0000000711400000| Untracked 
| 122|0x0000000711600000, 0x0000000711671248, 0x0000000711800000| 22%| E|  |TAMS 0x0000000711600000, 0x0000000711600000| Complete 
| 123|0x0000000711800000, 0x0000000711a00000, 0x0000000711a00000|100%| E|CS|TAMS 0x0000000711800000, 0x0000000711800000| Complete 
| 124|0x0000000711a00000, 0x0000000711c00000, 0x0000000711c00000|100%| E|CS|TAMS 0x0000000711a00000, 0x0000000711a00000| Complete 
| 125|0x0000000711c00000, 0x0000000711e00000, 0x0000000711e00000|100%| E|CS|TAMS 0x0000000711c00000, 0x0000000711c00000| Complete 
| 126|0x0000000711e00000, 0x0000000712000000, 0x0000000712000000|100%| E|CS|TAMS 0x0000000711e00000, 0x0000000711e00000| Complete 

Card table byte_map: [0x000001f7c37a0000,0x000001f7c3f90000] _byte_map_base: 0x000001f7bff8f000

Marking Bits (Prev, Next): (CMBitMap*) 0x000001f7aadaef50, (CMBitMap*) 0x000001f7aadaef90
 Prev Bits: [0x000001f7c4780000, 0x000001f7c86f8000)
 Next Bits: [0x000001f7c8700000, 0x000001f7cc678000)

Polling page: 0x000001f7a8ca0000

Metaspace:

Usage:
  Non-class:      2.56 MB used.
      Class:    190.48 KB used.
       Both:      2.75 MB used.

Virtual space:
  Non-class space:        8.00 MB reserved,       2.63 MB ( 33%) committed,  1 nodes.
      Class space:        1.00 GB reserved,     256.00 KB ( <1%) committed,  1 nodes.
              Both:        1.01 GB reserved,       2.88 MB ( <1%) committed. 

Chunk freelists:
   Non-Class:  3.02 MB
       Class:  3.66 MB
        Both:  6.68 MB

MaxMetaspaceSize: 17179869184.00 GB
CompressedClassSpaceSize: 1.00 GB
 - commit_granule_bytes: 65536.
 - commit_granule_words: 8192.
 - virtual_space_node_default_size: 1048576.
 - enlarge_chunks_in_place: 1.
 - new_chunks_are_fully_committed: 0.
 - uncommit_free_chunks: 1.
 - use_allocation_guard: 0.
 - handle_deallocations: 1.


Internal statistics:

num_allocs_failed_limit: 0.
num_arena_births: 60.
num_arena_deaths: 0.
num_vsnodes_births: 2.
num_vsnodes_deaths: 0.
num_space_committed: 46.
num_space_uncommitted: 0.
num_chunks_returned_to_freelist: 0.
num_chunks_taken_from_freelist: 116.
num_chunk_merges: 0.
num_chunk_splits: 76.
num_chunks_enlarged: 50.
num_purges: 0.

CodeHeap 'non-profiled nmethods': size=119168Kb used=165Kb max_used=165Kb free=119003Kb
 bounds [0x000001f7bb2d0000, 0x000001f7bb540000, 0x000001f7c2730000]
CodeHeap 'profiled nmethods': size=119104Kb used=924Kb max_used=924Kb free=118179Kb
 bounds [0x000001f7b3e80000, 0x000001f7b40f0000, 0x000001f7bb2d0000]
CodeHeap 'non-nmethods': size=7488Kb used=2879Kb max_used=2893Kb free=4609Kb
 bounds [0x000001f7b3730000, 0x000001f7b3a10000, 0x000001f7b3e80000]
 total_blobs=1065 nmethods=578 adapters=397
 compilation: enabled
              stopped_count=0, restarted_count=0
 full_count=0

Compilation events (20 events):
Event: 0.273 Thread 0x000001f7d0118e40  570       3       org.lwjgl.system.MemoryUtil::memPutAddress (29 bytes)
Event: 0.274 Thread 0x000001f7cf606d80 nmethod 569 0x000001f7b3f50d10 code [0x000001f7b3f50ea0, 0x000001f7b3f50fb8]
Event: 0.274 Thread 0x000001f7d0118e40 nmethod 570 0x000001f7b3f51090 code [0x000001f7b3f51240, 0x000001f7b3f51438]
Event: 0.274 Thread 0x000001f7d0119450 nmethod 565 0x000001f7b3f51510 code [0x000001f7b3f517e0, 0x000001f7b3f525d8]
Event: 0.274 Thread 0x000001f7d0119450  572       3       java.io.WinNTFileSystem::prefixLength (91 bytes)
Event: 0.275 Thread 0x000001f7cf6375a0 nmethod 557 0x000001f7bb2f8310 code [0x000001f7bb2f84a0, 0x000001f7bb2f86d8]
Event: 0.275 Thread 0x000001f7cf6375a0  571       4       java.lang.Integer::toUnsignedLong (7 bytes)
Event: 0.275 Thread 0x000001f7cf6375a0 nmethod 571 0x000001f7bb2f8890 code [0x000001f7bb2f8a00, 0x000001f7bb2f8a58]
Event: 0.276 Thread 0x000001f7cf606d80  573       3       sun.net.util.IPAddressUtil::scan (92 bytes)
Event: 0.276 Thread 0x000001f7d0118e40  574       3       java.io.File::isInvalid (48 bytes)
Event: 0.276 Thread 0x000001f7d0119450 nmethod 572 0x000001f7b3f52b90 code [0x000001f7b3f52ec0, 0x000001f7b3f54258]
Event: 0.276 Thread 0x000001f7d0118e40 nmethod 574 0x000001f7b3f54910 code [0x000001f7b3f54b00, 0x000001f7b3f55018]
Event: 0.276 Thread 0x000001f7cf606d80 nmethod 573 0x000001f7b3f55190 code [0x000001f7b3f55400, 0x000001f7b3f55f38]
Event: 0.277 Thread 0x000001f7cf606d80  575   !   3       jdk.internal.loader.URLClassPath$JarLoader::ensureOpen (36 bytes)
Event: 0.277 Thread 0x000001f7d0119450  576       3       java.util.zip.ZipUtils::CENLEN (9 bytes)
Event: 0.277 Thread 0x000001f7d0119450 nmethod 576 0x000001f7b3f56490 code [0x000001f7b3f56640, 0x000001f7b3f56918]
Event: 0.277 Thread 0x000001f7cf606d80 nmethod 575 0x000001f7b3f56a90 code [0x000001f7b3f56c80, 0x000001f7b3f573c8]
Event: 0.277 Thread 0x000001f7cf6375a0  577 %     4       java.lang.StringLatin1::indexOf @ 14 (121 bytes)
Event: 0.280 Thread 0x000001f7d0118e40  578       3       java.util.ArrayDeque::inc (12 bytes)
Event: 0.280 Thread 0x000001f7d0118e40 nmethod 578 0x000001f7b3f57610 code [0x000001f7b3f577a0, 0x000001f7b3f578d8]

GC Heap History (0 events):
No events

Deoptimization events (12 events):
Event: 0.125 Thread 0x000001f7aad5d1e0 Uncommon trap: trap_request=0xffffff45 fr.pc=0x000001f7bb2de1a4 relative=0x0000000000000084
Event: 0.125 Thread 0x000001f7aad5d1e0 Uncommon trap: reason=unstable_if action=reinterpret pc=0x000001f7bb2de1a4 method=java.lang.String.charAt(I)C @ 4 c2
Event: 0.125 Thread 0x000001f7aad5d1e0 DEOPT PACKING pc=0x000001f7bb2de1a4 sp=0x0000007dcaaff0e0
Event: 0.125 Thread 0x000001f7aad5d1e0 DEOPT UNPACKING pc=0x000001f7b377d72e sp=0x0000007dcaaff080 mode 2
Event: 0.156 Thread 0x000001f7aad5d1e0 DEOPT PACKING pc=0x000001f7b3eb0267 sp=0x0000007dcaafc870
Event: 0.156 Thread 0x000001f7aad5d1e0 DEOPT UNPACKING pc=0x000001f7b377dece sp=0x0000007dcaafbc90 mode 0
Event: 0.181 Thread 0x000001f7aad5d1e0 DEOPT PACKING pc=0x000001f7b3e88bd1 sp=0x0000007dcaafb9a0
Event: 0.181 Thread 0x000001f7aad5d1e0 DEOPT UNPACKING pc=0x000001f7b377dece sp=0x0000007dcaafae18 mode 0
Event: 0.206 Thread 0x000001f7aad5d1e0 Uncommon trap: trap_request=0xffffff45 fr.pc=0x000001f7bb2e2004 relative=0x0000000000000064
Event: 0.206 Thread 0x000001f7aad5d1e0 Uncommon trap: reason=unstable_if action=reinterpret pc=0x000001f7bb2e2004 method=java.io.WinNTFileSystem.isSlash(C)Z @ 9 c2
Event: 0.206 Thread 0x000001f7aad5d1e0 DEOPT PACKING pc=0x000001f7bb2e2004 sp=0x0000007dcaafc2b0
Event: 0.206 Thread 0x000001f7aad5d1e0 DEOPT UNPACKING pc=0x000001f7b377d72e sp=0x0000007dcaafc238 mode 2

Classes unloaded (0 events):
No events

Classes redefined (0 events):
No events

Internal exceptions (19 events):
Event: 0.127 Thread 0x000001f7d01ac920 Exception <a 'java/lang/NoSuchMethodError'{0x0000000711a7b7d0}: 'java.lang.Object java.lang.invoke.DirectMethodHandle$Holder.invokeStatic(java.lang.Object)'> (0x0000000711a7b7d0) 
thrown [c:\wsjdk\correttojdksrc\installers\windows\zip\corretto-build\buildroot\src\hotspot\share\interpreter\linkResolver.cpp, line 790]
Event: 0.128 Thread 0x000001f7d01ac920 Exception <a 'java/lang/NoSuchMethodError'{0x0000000711a7f0e0}: 'java.lang.Object java.lang.invoke.DirectMethodHandle$Holder.invokeStaticInit(java.lang.Object)'> (0x0000000711a7f0e0) 
thrown [c:\wsjdk\correttojdksrc\installers\windows\zip\corretto-build\buildroot\src\hotspot\share\interpreter\linkResolver.cpp, line 790]
Event: 0.142 Thread 0x000001f7d01ac920 Exception <a 'java/lang/NoSuchMethodError'{0x0000000711a8cd80}: 'void java.lang.invoke.DirectMethodHandle$Holder.invokeStatic(java.lang.Object, java.lang.Object)'> (0x0000000711a8cd80) 
thrown [c:\wsjdk\correttojdksrc\installers\windows\zip\corretto-build\buildroot\src\hotspot\share\interpreter\linkResolver.cpp, line 790]
Event: 0.158 Thread 0x000001f7aad5d1e0 Exception <a 'java/lang/NoSuchMethodError'{0x0000000711b57ff0}: 'void java.lang.invoke.DirectMethodHandle$Holder.invokeSpecial(java.lang.Object, java.lang.Object, java.lang.Object)'> (0x0000000711b57ff0) 
thrown [c:\wsjdk\correttojdksrc\installers\windows\zip\corretto-build\buildroot\src\hotspot\share\interpreter\linkResolver.cpp, line 790]
Event: 0.162 Thread 0x000001f7aad5d1e0 Exception <a 'java/lang/NoSuchMethodError'{0x0000000711b6cec0}: 'java.lang.Object java.lang.invoke.DirectMethodHandle$Holder.invokeStatic(java.lang.Object, java.lang.Object, int)'> (0x0000000711b6cec0) 
thrown [c:\wsjdk\correttojdksrc\installers\windows\zip\corretto-build\buildroot\src\hotspot\share\interpreter\linkResolver.cpp, line 790]
Event: 0.165 Thread 0x000001f7aad5d1e0 Exception <a 'java/lang/NoSuchMethodError'{0x0000000711b79160}: 'void java.lang.invoke.DelegatingMethodHandle$Holder.delegate(java.lang.Object, java.lang.Object, int, java.lang.Object)'> (0x0000000711b79160) 
thrown [c:\wsjdk\correttojdksrc\installers\windows\zip\corretto-build\buildroot\src\hotspot\share\interpreter\linkResolver.cpp, line 790]
Event: 0.165 Thread 0x000001f7aad5d1e0 Exception <a 'java/lang/NoSuchMethodError'{0x0000000711b7d008}: 'int java.lang.invoke.DirectMethodHandle$Holder.invokeSpecial(java.lang.Object, java.lang.Object, java.lang.Object)'> (0x0000000711b7d008) 
thrown [c:\wsjdk\correttojdksrc\installers\windows\zip\corretto-build\buildroot\src\hotspot\share\interpreter\linkResolver.cpp, line 790]
Event: 0.211 Thread 0x000001f7aad5d1e0 Exception <a 'sun/nio/fs/WindowsException'{0x00000007118b8e28}> (0x00000007118b8e28) 
thrown [c:\wsjdk\correttojdksrc\installers\windows\zip\corretto-build\buildroot\src\hotspot\share\prims\jni.cpp, line 579]
Event: 0.211 Thread 0x000001f7aad5d1e0 Exception <a 'sun/nio/fs/WindowsException'{0x00000007118b9378}> (0x00000007118b9378) 
thrown [c:\wsjdk\correttojdksrc\installers\windows\zip\corretto-build\buildroot\src\hotspot\share\prims\jni.cpp, line 579]
Event: 0.233 Thread 0x000001f7aad5d1e0 Exception <a 'sun/nio/fs/WindowsException'{0x000000071192e0d8}> (0x000000071192e0d8) 
thrown [c:\wsjdk\correttojdksrc\installers\windows\zip\corretto-build\buildroot\src\hotspot\share\prims\jni.cpp, line 579]
Event: 0.233 Thread 0x000001f7aad5d1e0 Exception <a 'sun/nio/fs/WindowsException'{0x000000071192e480}> (0x000000071192e480) 
thrown [c:\wsjdk\correttojdksrc\installers\windows\zip\corretto-build\buildroot\src\hotspot\share\prims\jni.cpp, line 579]
Event: 0.239 Thread 0x000001f7aad5d1e0 Exception <a 'sun/nio/fs/WindowsException'{0x000000071193c598}> (0x000000071193c598) 
thrown [c:\wsjdk\correttojdksrc\installers\windows\zip\corretto-build\buildroot\src\hotspot\share\prims\jni.cpp, line 579]
Event: 0.239 Thread 0x000001f7aad5d1e0 Exception <a 'sun/nio/fs/WindowsException'{0x000000071193c878}> (0x000000071193c878) 
thrown [c:\wsjdk\correttojdksrc\installers\windows\zip\corretto-build\buildroot\src\hotspot\share\prims\jni.cpp, line 579]
Event: 0.248 Thread 0x000001f7aad5d1e0 Exception <a 'java/lang/NoSuchMethodError'{0x000000071198c6d8}: 'int java.lang.invoke.DirectMethodHandle$Holder.invokeStaticInit(java.lang.Object, java.lang.Object, int, long)'> (0x000000071198c6d8) 
thrown [c:\wsjdk\correttojdksrc\installers\windows\zip\corretto-build\buildroot\src\hotspot\share\interpreter\linkResolver.cpp, line 790]
Event: 0.249 Thread 0x000001f7aad5d1e0 Exception <a 'java/lang/NoSuchMethodError'{0x00000007119921a8}: 'java.lang.Object java.lang.invoke.DirectMethodHandle$Holder.newInvokeSpecial(java.lang.Object, java.lang.Object, int)'> (0x00000007119921a8) 
thrown [c:\wsjdk\correttojdksrc\installers\windows\zip\corretto-build\buildroot\src\hotspot\share\interpreter\linkResolver.cpp, line 790]
Event: 0.251 Thread 0x000001f7aad5d1e0 Exception <a 'java/lang/NoSuchMethodError'{0x00000007119a2490}: 'int java.lang.invoke.DirectMethodHandle$Holder.invokeStaticInit(java.lang.Object, java.lang.Object, long, long)'> (0x00000007119a2490) 
thrown [c:\wsjdk\correttojdksrc\installers\windows\zip\corretto-build\buildroot\src\hotspot\share\interpreter\linkResolver.cpp, line 790]
Event: 0.252 Thread 0x000001f7aad5d1e0 Exception <a 'java/lang/NoSuchMethodError'{0x00000007119a8838}: 'java.lang.Object java.lang.invoke.DirectMethodHandle$Holder.newInvokeSpecial(java.lang.Object, java.lang.Object, long)'> (0x00000007119a8838) 
thrown [c:\wsjdk\correttojdksrc\installers\windows\zip\corretto-build\buildroot\src\hotspot\share\interpreter\linkResolver.cpp, line 790]
Event: 0.252 Thread 0x000001f7aad5d1e0 Exception <a 'java/lang/NoSuchMethodError'{0x00000007119acc38}: 'java.lang.Object java.lang.invoke.Invokers$Holder.linkToTargetMethod(java.lang.Object, long, java.lang.Object)'> (0x00000007119acc38) 
thrown [c:\wsjdk\correttojdksrc\installers\windows\zip\corretto-build\buildroot\src\hotspot\share\interpreter\linkResolver.cpp, line 790]
Event: 0.254 Thread 0x000001f7aad5d1e0 Exception <a 'java/lang/NoSuchMethodError'{0x00000007119b46e0}: 'int java.lang.invoke.DirectMethodHandle$Holder.invokeStaticInit(java.lang.Object, java.lang.Object, java.lang.Object, long)'> (0x00000007119b46e0) 
thrown [c:\wsjdk\correttojdksrc\installers\windows\zip\corretto-build\buildroot\src\hotspot\share\interpreter\linkResolver.cpp, line 790]

Events (20 events):
Event: 0.246 loading class sun/misc/Unsafe
Event: 0.246 loading class sun/misc/Unsafe done
Event: 0.246 loading class jdk/internal/module/IllegalAccessLogger
Event: 0.246 loading class jdk/internal/module/IllegalAccessLogger done
Event: 0.246 loading class jdk/internal/reflect/UnsafeFieldAccessorFactory
Event: 0.246 loading class jdk/internal/reflect/UnsafeFieldAccessorFactory done
Event: 0.246 loading class jdk/internal/reflect/UnsafeQualifiedStaticObjectFieldAccessorImpl
Event: 0.246 loading class jdk/internal/reflect/UnsafeQualifiedStaticFieldAccessorImpl
Event: 0.246 loading class jdk/internal/reflect/UnsafeQualifiedStaticFieldAccessorImpl done
Event: 0.246 loading class jdk/internal/reflect/UnsafeQualifiedStaticObjectFieldAccessorImpl done
Event: 0.247 loading class java/util/function/LongPredicate
Event: 0.247 loading class java/util/function/LongPredicate done
Event: 0.250 loading class jdk/internal/access/foreign/MemorySegmentProxy
Event: 0.250 loading class jdk/internal/access/foreign/MemorySegmentProxy done
Event: 0.260 loading class java/nio/InvalidMarkException
Event: 0.260 loading class java/nio/InvalidMarkException done
Event: 0.260 loading class java/nio/BufferUnderflowException
Event: 0.260 loading class java/nio/BufferUnderflowException done
Event: 0.262 loading class java/lang/IndexOutOfBoundsException
Event: 0.262 loading class java/lang/IndexOutOfBoundsException done


Dynamic libraries:
0x00007ff685b80000 - 0x00007ff685b8d000 	C:\Users\platt\.jdks\corretto-16.0.2\bin\java.exe
0x00007ffc01ab0000 - 0x00007ffc01ca8000 	C:\Windows\SYSTEM32\ntdll.dll
0x00007ffc00810000 - 0x00007ffc008cf000 	C:\Windows\System32\KERNEL32.DLL
0x00007ffbff810000 - 0x00007ffbffae2000 	C:\Windows\System32\KERNELBASE.dll
0x00007ffbff5c0000 - 0x00007ffbff6c0000 	C:\Windows\System32\ucrtbase.dll
0x00007ffbe44c0000 - 0x00007ffbe44d8000 	C:\Users\platt\.jdks\corretto-16.0.2\bin\jli.dll
0x00007ffbe1f20000 - 0x00007ffbe1f35000 	C:\Users\platt\.jdks\corretto-16.0.2\bin\VCRUNTIME140.dll
0x00007ffbffaf0000 - 0x00007ffbffc91000 	C:\Windows\System32\USER32.dll
0x00007ffbff770000 - 0x00007ffbff792000 	C:\Windows\System32\win32u.dll
0x00007ffbe7a60000 - 0x00007ffbe7cfa000 	C:\Windows\WinSxS\amd64_microsoft.windows.common-controls_6595b64144ccf1df_6.0.19041.1110_none_60b5254171f9507e\COMCTL32.dll
0x00007ffc015d0000 - 0x00007ffc015fb000 	C:\Windows\System32\GDI32.dll
0x00007ffc01670000 - 0x00007ffc0170e000 	C:\Windows\System32\msvcrt.dll
0x00007ffbff4b0000 - 0x00007ffbff5bf000 	C:\Windows\System32\gdi32full.dll
0x00007ffbff410000 - 0x00007ffbff4ad000 	C:\Windows\System32\msvcp_win.dll
0x00007ffc008f0000 - 0x00007ffc00922000 	C:\Windows\System32\IMM32.DLL
0x00007ffbd6e20000 - 0x00007ffbd6ebb000 	C:\Users\platt\.jdks\corretto-16.0.2\bin\msvcp140.dll
0x00007ffb88770000 - 0x00007ffb89379000 	C:\Users\platt\.jdks\corretto-16.0.2\bin\server\jvm.dll
0x00007ffc013c0000 - 0x00007ffc0146e000 	C:\Windows\System32\ADVAPI32.dll
0x00007ffbffca0000 - 0x00007ffbffd3c000 	C:\Windows\System32\sechost.dll
0x00007ffc00da0000 - 0x00007ffc00ec5000 	C:\Windows\System32\RPCRT4.dll
0x00007ffc01660000 - 0x00007ffc01668000 	C:\Windows\System32\PSAPI.DLL
0x00007ffbf77f0000 - 0x00007ffbf77f9000 	C:\Windows\SYSTEM32\WSOCK32.dll
0x00007ffbf5130000 - 0x00007ffbf513a000 	C:\Windows\SYSTEM32\VERSION.dll
0x00007ffc01110000 - 0x00007ffc0117b000 	C:\Windows\System32\WS2_32.dll
0x00007ffbe7910000 - 0x00007ffbe7937000 	C:\Windows\SYSTEM32\WINMM.dll
0x00007ffbfd9f0000 - 0x00007ffbfda02000 	C:\Windows\SYSTEM32\kernel.appcore.dll
0x00007ffbf5c00000 - 0x00007ffbf5c0a000 	C:\Users\platt\.jdks\corretto-16.0.2\bin\jimage.dll
0x00007ffbfce10000 - 0x00007ffbfcff4000 	C:\Windows\SYSTEM32\DBGHELP.DLL
0x00007ffbdf410000 - 0x00007ffbdf445000 	C:\Windows\SYSTEM32\dbgcore.DLL
0x00007ffbff380000 - 0x00007ffbff402000 	C:\Windows\System32\bcryptPrimitives.dll
0x00007ffbf7780000 - 0x00007ffbf778e000 	C:\Users\platt\.jdks\corretto-16.0.2\bin\instrument.dll
0x00007ffbe1ce0000 - 0x00007ffbe1d05000 	C:\Users\platt\.jdks\corretto-16.0.2\bin\java.dll
0x00007ffbfffe0000 - 0x00007ffc00725000 	C:\Windows\System32\SHELL32.dll
0x00007ffbfd240000 - 0x00007ffbfd9d2000 	C:\Windows\SYSTEM32\windows.storage.dll
0x00007ffc01710000 - 0x00007ffc01a65000 	C:\Windows\System32\combase.dll
0x00007ffbfec00000 - 0x00007ffbfec30000 	C:\Windows\SYSTEM32\Wldp.dll
0x00007ffbffd40000 - 0x00007ffbffded000 	C:\Windows\System32\SHCORE.dll
0x00007ffc01500000 - 0x00007ffc01555000 	C:\Windows\System32\shlwapi.dll
0x00007ffbff0e0000 - 0x00007ffbff0ff000 	C:\Windows\SYSTEM32\profapi.dll
0x00007ffbd6fc0000 - 0x00007ffbd6fd8000 	C:\Users\platt\.jdks\corretto-16.0.2\bin\zip.dll
0x00007ffbde4e0000 - 0x00007ffbde4f9000 	C:\Users\platt\.jdks\corretto-16.0.2\bin\net.dll
0x00007ffbf2eb0000 - 0x00007ffbf2fbc000 	C:\Windows\SYSTEM32\WINHTTP.dll
0x00007ffbfe960000 - 0x00007ffbfe9ca000 	C:\Windows\system32\mswsock.dll
0x00007ffbdcdf0000 - 0x00007ffbdce03000 	C:\Users\platt\.jdks\corretto-16.0.2\bin\nio.dll
0x00007ffbf5be0000 - 0x00007ffbf5bfa000 	C:\Program Files\JetBrains\IntelliJ IDEA 2022.2.2\bin\breakgen64.dll
0x00007ffbd11e0000 - 0x00007ffbd1255000 	C:\Users\platt\AppData\Local\Temp\lwjglplatt\3.3.1-build-7\lwjgl.dll
0x00007ffbd1180000 - 0x00007ffbd11dd000 	C:\Users\platt\AppData\Local\Temp\lwjglplatt\3.3.1-build-7\lwjgl_opengl.dll
0x00007ffbd08f0000 - 0x00007ffbd0a15000 	C:\Windows\SYSTEM32\opengl32.dll
0x00007ffbd18a0000 - 0x00007ffbd18cc000 	C:\Windows\SYSTEM32\GLU32.dll

dbghelp: loaded successfully - version: 4.0.5 - missing functions: none
symbol engine: initialized successfully - sym options: 0x614 - pdb path: .;C:\Users\platt\.jdks\corretto-16.0.2\bin;C:\Windows\SYSTEM32;C:\Windows\WinSxS\amd64_microsoft.windows.common-controls_6595b64144ccf1df_6.0.19041.1110_none_60b5254171f9507e;C:\Users\platt\.jdks\corretto-16.0.2\bin\server;C:\Program Files\JetBrains\IntelliJ IDEA 2022.2.2\bin;C:\Users\platt\AppData\Local\Temp\lwjglplatt\3.3.1-build-7

VM Arguments:
jvm_args: -javaagent:C:\Program Files\JetBrains\IntelliJ IDEA 2022.2.2\lib\idea_rt.jar=52309:C:\Program Files\JetBrains\IntelliJ IDEA 2022.2.2\bin -Dfile.encoding=UTF-8 
java_command: MainKt
java_class_path (initial): C:\Users\platt\IdeaProjects\creak_v3\build\classes\kotlin\main;C:\Users\platt\IdeaProjects\creak_v3\build\resources\main;C:\Users\platt\.gradle\caches\modules-2\files-2.1\org.jetbrains.kotlin\kotlin-stdlib-jdk8\1.8.10\7c002ac41f547a82e81dfebd2a20577a738dbf3f\kotlin-stdlib-jdk8-1.8.10.jar;C:\Users\platt\.gradle\caches\modules-2\files-2.1\org.lwjgl\lwjgl-glfw\3.3.1\cbac1b8d30cb4795149c1ef540f912671a8616d0\lwjgl-glfw-3.3.1.jar;C:\Users\platt\.gradle\caches\modules-2\files-2.1\org.lwjgl\lwjgl-opengl\3.3.1\831a5533a21a5f4f81bbc51bb13e9899319b5411\lwjgl-opengl-3.3.1.jar;C:\Users\platt\.gradle\caches\modules-2\files-2.1\org.lwjgl\lwjgl-stb\3.3.1\b119297cf8ed01f247abe8685857f8e7fcf5980f\lwjgl-stb-3.3.1.jar;C:\Users\platt\.gradle\caches\modules-2\files-2.1\org.lwjgl\lwjgl\3.3.1\ae58664f88e18a9bb2c77b063833ca7aaec484cb\lwjgl-3.3.1.jar;C:\Users\platt\.gradle\caches\modules-2\files-2.1\org.jetbrains.kotlin\kotlin-reflect\1.8.10\1e90b778ea4669b6bcbfaca57313665ddd804779\kotlin-reflect-1.8.10.jar;C:\Users\platt\.gradle\caches\modules-2\files-2.1\org.jetbrains.kotlinx\kotlinx-serialization-json-jvm\1.4.1\e6430b33f06dcdff88998abfcb2e78bc3cd0a1f6\kotlinx-serialization-json-jvm-1.4.1.jar;C:\Users\platt\.gradle\caches\modules-2\files-2.1\org.jetbrains.kotlin\kotlin-stdlib-jdk7\1.8.10\cb726a23c808a850a43e7d6b9d1ba91b02fe9f05\kotlin-stdlib-jdk7-1.8.10.jar;C:\Users\platt\.gradle\caches\modules-2\files-2.1\org.jetbrains.kotlin\kotlin-stdlib\1.8.10\6d5560a229477df9406943d5feda5618e98eb64c\kotlin-stdlib-1.8.10.jar;C:\Users\platt\.gradle\caches\modules-2\files-2.1\org.jetbrains.kotlin\kotlin-stdlib-common\1.8.10\a61b182458550492c12aee66157d7b524a63a5ec\kotlin-stdlib-common-1.8.10.jar;C:\Users\platt\.gradle\caches\modules-2\files-2.1\org.jetbrains\annotations\13.0\919f0dfe192fb4e063e7dacadee7f8bb9a2672a9\annotations-13.0.jar;C:\Users\platt\.gradle\caches\modules-2\files-2.1\org.jetbrains.kotlinx\kotlinx-serialization-core-jvm\1.4.1\e0c2c11e5d0d541ca343c8f09602c0c22
Launcher Type: SUN_STANDARD

[Global flags]
     intx CICompilerCount                          = 12                                        {product} {ergonomic}
     uint ConcGCThreads                            = 3                                         {product} {ergonomic}
     uint G1ConcRefinementThreads                  = 13                                        {product} {ergonomic}
   size_t G1HeapRegionSize                         = 2097152                                   {product} {ergonomic}
    uintx GCDrainStackTargetSize                   = 64                                        {product} {ergonomic}
   size_t InitialHeapSize                          = 266338304                                 {product} {ergonomic}
   size_t MarkStackSize                            = 4194304                                   {product} {ergonomic}
   size_t MaxHeapSize                              = 4259315712                                {product} {ergonomic}
   size_t MaxNewSize                               = 2554331136                                {product} {ergonomic}
   size_t MinHeapDeltaBytes                        = 2097152                                   {product} {ergonomic}
   size_t MinHeapSize                              = 8388608                                   {product} {ergonomic}
    uintx NonNMethodCodeHeapSize                   = 7602480                                {pd product} {ergonomic}
    uintx NonProfiledCodeHeapSize                  = 122027880                              {pd product} {ergonomic}
    uintx ProfiledCodeHeapSize                     = 122027880                              {pd product} {ergonomic}
    uintx ReservedCodeCacheSize                    = 251658240                              {pd product} {ergonomic}
     bool SegmentedCodeCache                       = true                                      {product} {ergonomic}
   size_t SoftMaxHeapSize                          = 4259315712                             {manageable} {ergonomic}
     bool UseCompressedClassPointers               = true                           {product lp64_product} {ergonomic}
     bool UseCompressedOops                        = true                           {product lp64_product} {ergonomic}
     bool UseG1GC                                  = true                                      {product} {ergonomic}
     bool UseLargePagesIndividualAllocation        = false                                  {pd product} {ergonomic}

Logging:
Log output configuration:
 #0: stdout all=warning uptime,level,tags
 #1: stderr all=off uptime,level,tags

Environment Variables:
PATH=C:\Windows\system32;C:\Windows;C:\Windows\System32\Wbem;C:\Windows\System32\WindowsPowerShell\v1.0\;C:\Windows\System32\OpenSSH\;C:\Program Files (x86)\NVIDIA Corporation\PhysX\Common;C:\Program Files\NVIDIA Corporation\NVIDIA NvDLISR;C:\Program Files\Git\cmd;C:\Program Files\dotnet\;C:\Users\platt\.cargo\bin;C:\Users\platt\AppData\Local\Microsoft\WindowsApps;;C:\Users\platt\AppData\Local\Programs\Microsoft VS Code\bin;C:\Imperative Programming/wxWidgets-3.1.5/lib/gcc_dll;C:\Imperative Programming/cmake-3.24.1-windows-x86_64/bin;C:\Imperative Programming/x86_64-8.1.0-release-posix-seh-rt_v6-rev0/mingw64/bin;C:\Imperative Programming/wxWidgets-3.1.5/lib/gcc_dll;C:\Imperative Programming/cmake-3.24.1-windows-x86_64/bin;C:\Imperative Programming/mingw64/bin;C:\Imperative Programming/wxWidgets-3.1.5/lib/gcc_dll;C:\Imperative Programming/cmake-3.24.1-windows-x86_64/bin;C:\Imperative Programming/mingw64/bin;C:\Users\platt\.dotnet\tools
USERNAME=platt
OS=Windows_NT
PROCESSOR_IDENTIFIER=Intel64 Family 6 Model 165 Stepping 2, GenuineIntel



---------------  S Y S T E M  ---------------

OS:
 Windows 10 , 64 bit Build 19041 (10.0.19041.2546)
OS uptime: 14 days 22:24 hours

CPU: total 16 (initial active 16) (8 cores per cpu, 2 threads per core) family 6 model 165 stepping 2 microcode 0xc8, cx8, cmov, fxsr, ht, mmx, 3dnowpref, sse, sse2, sse3, ssse3, sse4.1, sse4.2, popcnt, lzcnt, tsc, tscinvbit, avx, avx2, aes, erms, clmul, bmi1, bmi2, adx, fma, vzeroupper, clflush, clflushopt

Memory: 4k page, system-wide physical 16244M (4435M free)
TotalPageFile size 21387M (AvailPageFile size 3002M)
current process WorkingSet (physical memory assigned to process): 50M, peak: 50M
current process commit charge ("private bytes"): 362M, peak: 362M

vm_info: OpenJDK 64-Bit Server VM (16.0.2+7) for windows-amd64 JRE (16.0.2+7), built on Jul 22 2021 01:11:46 by "Administrator" with MS VC++ 15.9 (VS2017)

END.
